<?xml version="1.0" encoding="UTF-8"?>
<!-- Generated by org.testng.reporters.JUnitReportReporter -->
<testsuite hostname="DESKTOP-HUED1F2" failures="0" tests="1" name="driverFactory.AppTest" time="21.276" errors="0" timestamp="2024-05-29T18:53:27 IST" skipped="0">
  <testcase classname="driverFactory.AppTest" name="startTest" time="21.276">
    <system-out>
      <![CDATA[No of rows are::1
Customer-00000006323      Customer-00000006323]]>
    </system-out>
  </testcase> <!-- startTest -->
  <system-out>
    <![CDATA[No of rows are::1
Customer-00000006323      Customer-00000006323]]>
  </system-out>
</testsuite> <!-- driverFactory.AppTest -->
